<?xml version="1.0" encoding="UTF-8"?>
<testng-results skipped="0" failed="1" ignored="0" total="1" passed="0">
  <reporter-output>
  </reporter-output>
  <suite name="Default suite" duration-ms="8205" started-at="2020-09-14T08:27:30Z" finished-at="2020-09-14T08:27:38Z">
    <groups>
    </groups>
    <test name="Default test" duration-ms="8205" started-at="2020-09-14T08:27:30Z" finished-at="2020-09-14T08:27:38Z">
      <class name="org.test.LoginPage">
        <test-method status="PASS" signature="launch()[pri:0, instance:org.test.LoginPage@28d25987]" name="launch" is-config="true" duration-ms="8167" started-at="2020-09-14T08:27:30Z" finished-at="2020-09-14T08:27:38Z">
          <reporter-output>
          </reporter-output>
        </test-method> <!-- launch -->
        <test-method status="FAIL" signature="tc1(java.lang.String, java.lang.String)[pri:0, instance:org.test.LoginPage@28d25987]" name="tc1" duration-ms="0" started-at="2020-09-14T08:27:38Z" finished-at="2020-09-14T08:27:38Z">
          <exception class="org.testng.TestNGException">
            <message>
              <![CDATA[
Parameter 'email' is required by @Test on method tc1 but has not been marked @Optional or defined
in C:\Users\SANJAY\AppData\Local\Temp\testng-eclipse--311206839\testng-customsuite.xml]]>
            </message>
            <full-stacktrace>
              <![CDATA[org.testng.TestNGException: 
Parameter 'email' is required by @Test on method tc1 but has not been marked @Optional or defined
in C:\Users\SANJAY\AppData\Local\Temp\testng-eclipse--311206839\testng-customsuite.xml
at org.testng.internal.Parameters.createParams(Parameters.java:290)
at org.testng.internal.Parameters.createParametersForMethod(Parameters.java:359)
at org.testng.internal.Parameters.createParameters(Parameters.java:620)
at org.testng.internal.Parameters.handleParameters(Parameters.java:769)
at org.testng.internal.ParameterHandler.handleParameters(ParameterHandler.java:49)
at org.testng.internal.ParameterHandler.createParameters(ParameterHandler.java:37)
at org.testng.internal.Invoker.invokeTestMethods(Invoker.java:924)
at org.testng.internal.TestMethodWorker.invokeTestMethods(TestMethodWorker.java:125)
at org.testng.internal.TestMethodWorker.run(TestMethodWorker.java:109)
at org.testng.TestRunner.privateRun(TestRunner.java:648)
at org.testng.TestRunner.run(TestRunner.java:505)
at org.testng.SuiteRunner.runTest(SuiteRunner.java:455)
at org.testng.SuiteRunner.runSequentially(SuiteRunner.java:450)
at org.testng.SuiteRunner.privateRun(SuiteRunner.java:415)
at org.testng.SuiteRunner.run(SuiteRunner.java:364)
at org.testng.SuiteRunnerWorker.runSuite(SuiteRunnerWorker.java:52)
at org.testng.SuiteRunnerWorker.run(SuiteRunnerWorker.java:84)
at org.testng.TestNG.runSuitesSequentially(TestNG.java:1208)
at org.testng.TestNG.runSuitesLocally(TestNG.java:1137)
at org.testng.TestNG.runSuites(TestNG.java:1049)
at org.testng.TestNG.run(TestNG.java:1017)
at org.testng.remote.AbstractRemoteTestNG.run(AbstractRemoteTestNG.java:132)
at org.testng.remote.RemoteTestNG.initAndRun(RemoteTestNG.java:230)
at org.testng.remote.RemoteTestNG.main(RemoteTestNG.java:76)
]]>
            </full-stacktrace>
          </exception> <!-- org.testng.TestNGException -->
          <reporter-output>
          </reporter-output>
        </test-method> <!-- tc1 -->
        <test-method status="PASS" signature="endTime()[pri:0, instance:org.test.LoginPage@28d25987]" name="endTime" is-config="true" duration-ms="6" started-at="2020-09-14T08:27:38Z" finished-at="2020-09-14T08:27:38Z">
          <reporter-output>
          </reporter-output>
        </test-method> <!-- endTime -->
      </class> <!-- org.test.LoginPage -->
    </test> <!-- Default test -->
  </suite> <!-- Default suite -->
</testng-results>
